# JRE version: OpenJDK Runtime Environment (8.0_202-b03) (build 1.8.0_202-release-1483-b03)
# Java VM: OpenJDK 64-Bit Server VM (25.202-b03 mixed mode windows-amd64 compressed oops)
Heap:
 PSYoungGen      total 393728K, used 13569K [0x00000000e0000000, 0x0000000100000000, 0x0000000100000000)
  eden space 280576K, 0% used [0x00000000e0000000,0x00000000e0000000,0x00000000f1200000)
  from space 113152K, 11% used [0x00000000f9180000,0x00000000f9ec0680,0x0000000100000000)
  to   space 121856K, 0% used [0x00000000f1200000,0x00000000f1200000,0x00000000f8900000)
 ParOldGen       total 442368K, used 402102K [0x00000000a0000000, 0x00000000bb000000, 0x00000000e0000000)
  object space 442368K, 90% used [0x00000000a0000000,0x00000000b88ad850,0x00000000bb000000)
 Metaspace       used 100763K, capacity 104007K, committed 104280K, reserved 1140736K
  class space    used 12460K, capacity 13163K, committed 13184K, reserved 1048576K
GC Heap History (10 events):
Event: 170.987 GC heap after
Heap after GC invocations=27 (full 5):
 PSYoungGen      total 392192K, used 0K [0x00000000e0000000, 0x0000000100000000, 0x0000000100000000)
  eden space 308224K, 0% used [0x00000000e0000000,0x00000000e0000000,0x00000000f2d00000)
  from space 83968K, 0% used [0x00000000fae00000,0x00000000fae00000,0x0000000100000000)
  to   space 108032K, 0% used [0x00000000f2d00000,0x00000000f2d00000,0x00000000f9680000)
 ParOldGen       total 442368K, used 271863K [0x00000000a0000000, 0x00000000bb000000, 0x00000000e0000000)
  object space 442368K, 61% used [0x00000000a0000000,0x00000000b097df18,0x00000000bb000000)
 Metaspace       used 91217K, capacity 94271K, committed 94424K, reserved 1132544K
  class space    used 11385K, capacity 12023K, committed 12032K, reserved 1048576K
}
Event: 171.226 GC heap before
{Heap before GC invocations=28 (full 5):
 PSYoungGen      total 392192K, used 307952K [0x00000000e0000000, 0x0000000100000000, 0x0000000100000000)
  eden space 308224K, 99% used [0x00000000e0000000,0x00000000f2cbc1a8,0x00000000f2d00000)
  from space 83968K, 0% used [0x00000000fae00000,0x00000000fae00000,0x0000000100000000)
  to   space 108032K, 0% used [0x00000000f2d00000,0x00000000f2d00000,0x00000000f9680000)
 ParOldGen       total 442368K, used 271863K [0x00000000a0000000, 0x00000000bb000000, 0x00000000e0000000)
  object space 442368K, 61% used [0x00000000a0000000,0x00000000b097df18,0x00000000bb000000)
 Metaspace       used 91235K, capacity 94275K, committed 94424K, reserved 1132544K
  class space    used 11386K, capacity 12025K, committed 12032K, reserved 1048576K
Event: 171.231 GC heap after
Heap after GC invocations=28 (full 5):
 PSYoungGen      total 416256K, used 21838K [0x00000000e0000000, 0x0000000100000000, 0x0000000100000000)
  eden space 308224K, 0% used [0x00000000e0000000,0x00000000e0000000,0x00000000f2d00000)
  from space 108032K, 20% used [0x00000000f2d00000,0x00000000f42538b0,0x00000000f9680000)
  to   space 102400K, 0% used [0x00000000f9c00000,0x00000000f9c00000,0x0000000100000000)
 ParOldGen       total 442368K, used 271871K [0x00000000a0000000, 0x00000000bb000000, 0x00000000e0000000)
  object space 442368K, 61% used [0x00000000a0000000,0x00000000b097ff18,0x00000000bb000000)
 Metaspace       used 91235K, capacity 94275K, committed 94424K, reserved 1132544K
  class space    used 11386K, capacity 12025K, committed 12032K, reserved 1048576K
}
Event: 212.755 GC heap before
{Heap before GC invocations=29 (full 5):
 PSYoungGen      total 416256K, used 329689K [0x00000000e0000000, 0x0000000100000000, 0x0000000100000000)
  eden space 308224K, 99% used [0x00000000e0000000,0x00000000f2ca2ef0,0x00000000f2d00000)
  from space 108032K, 20% used [0x00000000f2d00000,0x00000000f42538b0,0x00000000f9680000)
  to   space 102400K, 0% used [0x00000000f9c00000,0x00000000f9c00000,0x0000000100000000)
 ParOldGen       total 442368K, used 271871K [0x00000000a0000000, 0x00000000bb000000, 0x00000000e0000000)
  object space 442368K, 61% used [0x00000000a0000000,0x00000000b097ff18,0x00000000bb000000)
 Metaspace       used 91532K, capacity 94687K, committed 94808K, reserved 1132544K
  class space    used 11398K, capacity 12077K, committed 12160K, reserved 1048576K
Event: 212.775 GC heap after
Heap after GC invocations=29 (full 5):
 PSYoungGen      total 400384K, used 18324K [0x00000000e0000000, 0x00000000ff080000, 0x0000000100000000)
  eden space 313856K, 0% used [0x00000000e0000000,0x00000000e0000000,0x00000000f3280000)
  from space 86528K, 21% used [0x00000000f9c00000,0x00000000fade5238,0x00000000ff080000)
  to   space 97280K, 0% used [0x00000000f3280000,0x00000000f3280000,0x00000000f9180000)
 ParOldGen       total 442368K, used 280198K [0x00000000a0000000, 0x00000000bb000000, 0x00000000e0000000)
  object space 442368K, 63% used [0x00000000a0000000,0x00000000b11a1898,0x00000000bb000000)
 Metaspace       used 91532K, capacity 94687K, committed 94808K, reserved 1132544K
  class space    used 11398K, capacity 12077K, committed 12160K, reserved 1048576K
}
Event: 214.512 GC heap before
{Heap before GC invocations=30 (full 5):
 PSYoungGen      total 400384K, used 332180K [0x00000000e0000000, 0x00000000ff080000, 0x0000000100000000)
  eden space 313856K, 100% used [0x00000000e0000000,0x00000000f3280000,0x00000000f3280000)
  from space 86528K, 21% used [0x00000000f9c00000,0x00000000fade5238,0x00000000ff080000)
  to   space 97280K, 0% used [0x00000000f3280000,0x00000000f3280000,0x00000000f9180000)
 ParOldGen       total 442368K, used 280198K [0x00000000a0000000, 0x00000000bb000000, 0x00000000e0000000)
  object space 442368K, 63% used [0x00000000a0000000,0x00000000b11a1898,0x00000000bb000000)
 Metaspace       used 100691K, capacity 103987K, committed 104280K, reserved 1140736K
  class space    used 12459K, capacity 13161K, committed 13184K, reserved 1048576K
Event: 214.582 GC heap after
Heap after GC invocations=30 (full 5):
 PSYoungGen      total 411136K, used 97262K [0x00000000e0000000, 0x0000000100000000, 0x0000000100000000)
  eden space 313856K, 0% used [0x00000000e0000000,0x00000000e0000000,0x00000000f3280000)
  from space 97280K, 99% used [0x00000000f3280000,0x00000000f917bbe0,0x00000000f9180000)
  to   space 113152K, 0% used [0x00000000f9180000,0x00000000f9180000,0x0000000100000000)
 ParOldGen       total 442368K, used 308768K [0x00000000a0000000, 0x00000000bb000000, 0x00000000e0000000)
  object space 442368K, 69% used [0x00000000a0000000,0x00000000b2d882c8,0x00000000bb000000)
 Metaspace       used 100691K, capacity 103987K, committed 104280K, reserved 1140736K
  class space    used 12459K, capacity 13161K, committed 13184K, reserved 1048576K
}
Event: 215.308 GC heap before
{Heap before GC invocations=31 (full 5):
 PSYoungGen      total 411136K, used 411034K [0x00000000e0000000, 0x0000000100000000, 0x0000000100000000)
  eden space 313856K, 99% used [0x00000000e0000000,0x00000000f326ad28,0x00000000f3280000)
  from space 97280K, 99% used [0x00000000f3280000,0x00000000f917bbe0,0x00000000f9180000)
  to   space 113152K, 0% used [0x00000000f9180000,0x00000000f9180000,0x0000000100000000)
 ParOldGen       total 442368K, used 308768K [0x00000000a0000000, 0x00000000bb000000, 0x00000000e0000000)
  object space 442368K, 69% used [0x00000000a0000000,0x00000000b2d882c8,0x00000000bb000000)
 Metaspace       used 100763K, capacity 104007K, committed 104280K, reserved 1140736K
  class space    used 12460K, capacity 13163K, committed 13184K, reserved 1048576K
Event: 215.388 GC heap after
Heap after GC invocations=31 (full 5):
 PSYoungGen      total 393728K, used 13569K [0x00000000e0000000, 0x0000000100000000, 0x0000000100000000)
  eden space 280576K, 0% used [0x00000000e0000000,0x00000000e0000000,0x00000000f1200000)
  from space 113152K, 11% used [0x00000000f9180000,0x00000000f9ec0680,0x0000000100000000)
  to   space 121856K, 0% used [0x00000000f1200000,0x00000000f1200000,0x00000000f8900000)
 ParOldGen       total 442368K, used 402102K [0x00000000a0000000, 0x00000000bb000000, 0x00000000e0000000)
  object space 442368K, 90% used [0x00000000a0000000,0x00000000b88ad850,0x00000000bb000000)
 Metaspace       used 100763K, capacity 104007K, committed 104280K, reserved 1140736K
  class space    used 12460K, capacity 13163K, committed 13184K, reserved 1048576K
}
Event: 215.388 GC heap before
{Heap before GC invocations=32 (full 6):
 PSYoungGen      total 393728K, used 13569K [0x00000000e0000000, 0x0000000100000000, 0x0000000100000000)
  eden space 280576K, 0% used [0x00000000e0000000,0x00000000e0000000,0x00000000f1200000)
  from space 113152K, 11% used [0x00000000f9180000,0x00000000f9ec0680,0x0000000100000000)
  to   space 121856K, 0% used [0x00000000f1200000,0x00000000f1200000,0x00000000f8900000)
 ParOldGen       total 442368K, used 402102K [0x00000000a0000000, 0x00000000bb000000, 0x00000000e0000000)
  object space 442368K, 90% used [0x00000000a0000000,0x00000000b88ad850,0x00000000bb000000)
 Metaspace       used 100763K, capacity 104007K, committed 104280K, reserved 1140736K
  class space    used 12460K, capacity 13163K, committed 13184K, reserved 1048576K

