# JRE version: OpenJDK Runtime Environment (8.0_202-b03) (build 1.8.0_202-release-1483-b03)
# Java VM: OpenJDK 64-Bit Server VM (25.202-b03 mixed mode windows-amd64 compressed oops)
Heap:
 PSYoungGen      total 381952K, used 29740K [0x00000000e0000000, 0x0000000100000000, 0x0000000100000000)
  eden space 239616K, 0% used [0x00000000e0000000,0x00000000e0000000,0x00000000eea00000)
  from space 142336K, 20% used [0x00000000eea00000,0x00000000f070b3c0,0x00000000f7500000)
  to   space 135680K, 0% used [0x00000000f7b80000,0x00000000f7b80000,0x0000000100000000)
 ParOldGen       total 1048576K, used 1021198K [0x00000000a0000000, 0x00000000e0000000, 0x00000000e0000000)
  object space 1048576K, 97% used [0x00000000a0000000,0x00000000de543800,0x00000000e0000000)
 Metaspace       used 161281K, capacity 167194K, committed 167296K, reserved 1196032K
  class space    used 19484K, capacity 20575K, committed 20608K, reserved 1048576K
GC Heap History (10 events):
Event: 1655.165 GC heap after
Heap after GC invocations=53 (full 8):
 PSYoungGen      total 370176K, used 105255K [0x00000000e0000000, 0x0000000100000000, 0x0000000100000000)
  eden space 264704K, 0% used [0x00000000e0000000,0x00000000e0000000,0x00000000f0280000)
  from space 105472K, 99% used [0x00000000f0280000,0x00000000f6949fa0,0x00000000f6980000)
  to   space 138240K, 0% used [0x00000000f7900000,0x00000000f7900000,0x0000000100000000)
 ParOldGen       total 1048576K, used 821348K [0x00000000a0000000, 0x00000000e0000000, 0x00000000e0000000)
  object space 1048576K, 78% used [0x00000000a0000000,0x00000000d22191e0,0x00000000e0000000)
 Metaspace       used 151521K, capacity 156458K, committed 156800K, reserved 1187840K
  class space    used 18280K, capacity 19229K, committed 19328K, reserved 1048576K
}
Event: 1655.861 GC heap before
{Heap before GC invocations=54 (full 8):
 PSYoungGen      total 370176K, used 369959K [0x00000000e0000000, 0x0000000100000000, 0x0000000100000000)
  eden space 264704K, 100% used [0x00000000e0000000,0x00000000f0280000,0x00000000f0280000)
  from space 105472K, 99% used [0x00000000f0280000,0x00000000f6949fa0,0x00000000f6980000)
  to   space 138240K, 0% used [0x00000000f7900000,0x00000000f7900000,0x0000000100000000)
 ParOldGen       total 1048576K, used 821348K [0x00000000a0000000, 0x00000000e0000000, 0x00000000e0000000)
  object space 1048576K, 78% used [0x00000000a0000000,0x00000000d22191e0,0x00000000e0000000)
 Metaspace       used 151539K, capacity 156458K, committed 156800K, reserved 1187840K
  class space    used 18281K, capacity 19229K, committed 19328K, reserved 1048576K
Event: 1655.924 GC heap after
Heap after GC invocations=54 (full 8):
 PSYoungGen      total 392192K, used 27412K [0x00000000e0000000, 0x0000000100000000, 0x0000000100000000)
  eden space 253952K, 0% used [0x00000000e0000000,0x00000000e0000000,0x00000000ef800000)
  from space 138240K, 19% used [0x00000000f7900000,0x00000000f93c5028,0x0000000100000000)
  to   space 132096K, 0% used [0x00000000ef800000,0x00000000ef800000,0x00000000f7900000)
 ParOldGen       total 1048576K, used 915813K [0x00000000a0000000, 0x00000000e0000000, 0x00000000e0000000)
  object space 1048576K, 87% used [0x00000000a0000000,0x00000000d7e59500,0x00000000e0000000)
 Metaspace       used 151539K, capacity 156458K, committed 156800K, reserved 1187840K
  class space    used 18281K, capacity 19229K, committed 19328K, reserved 1048576K
}
Event: 1850.520 GC heap before
{Heap before GC invocations=55 (full 8):
 PSYoungGen      total 392192K, used 281364K [0x00000000e0000000, 0x0000000100000000, 0x0000000100000000)
  eden space 253952K, 100% used [0x00000000e0000000,0x00000000ef800000,0x00000000ef800000)
  from space 138240K, 19% used [0x00000000f7900000,0x00000000f93c5028,0x0000000100000000)
  to   space 132096K, 0% used [0x00000000ef800000,0x00000000ef800000,0x00000000f7900000)
 ParOldGen       total 1048576K, used 915813K [0x00000000a0000000, 0x00000000e0000000, 0x00000000e0000000)
  object space 1048576K, 87% used [0x00000000a0000000,0x00000000d7e59500,0x00000000e0000000)
 Metaspace       used 152249K, capacity 158106K, committed 158336K, reserved 1187840K
  class space    used 18423K, capacity 19493K, committed 19584K, reserved 1048576K
Event: 1850.535 GC heap after
Heap after GC invocations=55 (full 8):
 PSYoungGen      total 271360K, used 17048K [0x00000000e0000000, 0x00000000ff200000, 0x0000000100000000)
  eden space 253952K, 0% used [0x00000000e0000000,0x00000000e0000000,0x00000000ef800000)
  from space 17408K, 97% used [0x00000000ef800000,0x00000000f08a6230,0x00000000f0900000)
  to   space 128000K, 0% used [0x00000000f7500000,0x00000000f7500000,0x00000000ff200000)
 ParOldGen       total 1048576K, used 916673K [0x00000000a0000000, 0x00000000e0000000, 0x00000000e0000000)
  object space 1048576K, 87% used [0x00000000a0000000,0x00000000d7f30550,0x00000000e0000000)
 Metaspace       used 152249K, capacity 158106K, committed 158336K, reserved 1187840K
  class space    used 18423K, capacity 19493K, committed 19584K, reserved 1048576K
}
Event: 1851.717 GC heap before
{Heap before GC invocations=56 (full 8):
 PSYoungGen      total 271360K, used 271000K [0x00000000e0000000, 0x00000000ff200000, 0x0000000100000000)
  eden space 253952K, 100% used [0x00000000e0000000,0x00000000ef800000,0x00000000ef800000)
  from space 17408K, 97% used [0x00000000ef800000,0x00000000f08a6230,0x00000000f0900000)
  to   space 128000K, 0% used [0x00000000f7500000,0x00000000f7500000,0x00000000ff200000)
 ParOldGen       total 1048576K, used 916673K [0x00000000a0000000, 0x00000000e0000000, 0x00000000e0000000)
  object space 1048576K, 87% used [0x00000000a0000000,0x00000000d7f30550,0x00000000e0000000)
 Metaspace       used 161245K, capacity 167194K, committed 167296K, reserved 1196032K
  class space    used 19483K, capacity 20575K, committed 20608K, reserved 1048576K
Event: 1851.808 GC heap after
Heap after GC invocations=56 (full 8):
 PSYoungGen      total 367616K, used 103643K [0x00000000e0000000, 0x0000000100000000, 0x0000000100000000)
  eden space 239616K, 0% used [0x00000000e0000000,0x00000000e0000000,0x00000000eea00000)
  from space 128000K, 80% used [0x00000000f7500000,0x00000000fda36d40,0x00000000ff200000)
  to   space 142336K, 0% used [0x00000000eea00000,0x00000000eea00000,0x00000000f7500000)
 ParOldGen       total 1048576K, used 927437K [0x00000000a0000000, 0x00000000e0000000, 0x00000000e0000000)
  object space 1048576K, 88% used [0x00000000a0000000,0x00000000d89b37f0,0x00000000e0000000)
 Metaspace       used 161245K, capacity 167194K, committed 167296K, reserved 1196032K
  class space    used 19483K, capacity 20575K, committed 20608K, reserved 1048576K
}
Event: 1852.762 GC heap before
{Heap before GC invocations=57 (full 8):
 PSYoungGen      total 367616K, used 343259K [0x00000000e0000000, 0x0000000100000000, 0x0000000100000000)
  eden space 239616K, 100% used [0x00000000e0000000,0x00000000eea00000,0x00000000eea00000)
  from space 128000K, 80% used [0x00000000f7500000,0x00000000fda36d40,0x00000000ff200000)
  to   space 142336K, 0% used [0x00000000eea00000,0x00000000eea00000,0x00000000f7500000)
 ParOldGen       total 1048576K, used 927437K [0x00000000a0000000, 0x00000000e0000000, 0x00000000e0000000)
  object space 1048576K, 88% used [0x00000000a0000000,0x00000000d89b37f0,0x00000000e0000000)
 Metaspace       used 161281K, capacity 167194K, committed 167296K, reserved 1196032K
  class space    used 19484K, capacity 20575K, committed 20608K, reserved 1048576K
Event: 1852.965 GC heap after
Heap after GC invocations=57 (full 8):
 PSYoungGen      total 381952K, used 29740K [0x00000000e0000000, 0x0000000100000000, 0x0000000100000000)
  eden space 239616K, 0% used [0x00000000e0000000,0x00000000e0000000,0x00000000eea00000)
  from space 142336K, 20% used [0x00000000eea00000,0x00000000f070b3c0,0x00000000f7500000)
  to   space 135680K, 0% used [0x00000000f7b80000,0x00000000f7b80000,0x0000000100000000)
 ParOldGen       total 1048576K, used 1021198K [0x00000000a0000000, 0x00000000e0000000, 0x00000000e0000000)
  object space 1048576K, 97% used [0x00000000a0000000,0x00000000de543800,0x00000000e0000000)
 Metaspace       used 161281K, capacity 167194K, committed 167296K, reserved 1196032K
  class space    used 19484K, capacity 20575K, committed 20608K, reserved 1048576K
}
Event: 1852.965 GC heap before
{Heap before GC invocations=58 (full 9):
 PSYoungGen      total 381952K, used 29740K [0x00000000e0000000, 0x0000000100000000, 0x0000000100000000)
  eden space 239616K, 0% used [0x00000000e0000000,0x00000000e0000000,0x00000000eea00000)
  from space 142336K, 20% used [0x00000000eea00000,0x00000000f070b3c0,0x00000000f7500000)
  to   space 135680K, 0% used [0x00000000f7b80000,0x00000000f7b80000,0x0000000100000000)
 ParOldGen       total 1048576K, used 1021198K [0x00000000a0000000, 0x00000000e0000000, 0x00000000e0000000)
  object space 1048576K, 97% used [0x00000000a0000000,0x00000000de543800,0x00000000e0000000)
 Metaspace       used 161281K, capacity 167194K, committed 167296K, reserved 1196032K
  class space    used 19484K, capacity 20575K, committed 20608K, reserved 1048576K

